-------------------------------------------------------------------------------
Test set: com.demo.HelloWorldTest
-------------------------------------------------------------------------------
Tests run: 2, Failures: 0, Errors: 2, Skipped: 0, Time elapsed: 0.026 sec <<< FAILURE! - in com.demo.HelloWorldTest
com.demo.HelloWorldTest  Time elapsed: 0.025 sec  <<< ERROR!
java.lang.IllegalStateException: The driver executable does not exist: /home/osgdev/eclipse-workspace/DevOpsPipeline/usr/bin/geckodriver
	at com.demo.HelloWorldTest.setup(HelloWorldTest.java:46)

com.demo.HelloWorldTest  Time elapsed: 0.026 sec  <<< ERROR!
java.lang.NullPointerException
	at com.demo.HelloWorldTest.cleanUp(HelloWorldTest.java:53)

